2023-09-21 23:32:07,651 [INFO] Activator:177 - 


2023-09-21 23:32:07,655 [INFO] Activator:178 - !SESSION log4j initialized
2023-09-21 23:32:26,280 [INFO] McuFinderGlobals:39 - Set McuFinder mode to 2 (CubeIDE integrated)
2023-09-21 23:32:26,553 [INFO] ApplicationProperties:181 - Using Application install path: D:\Ron\stm321.7.0\STM32CubeIDE_1.7.0\STM32CubeIDE\plugins\com.st.stm32cube.common.mx_6.3.0.202107141111
2023-09-21 23:32:26,569 [INFO] DbMcusXml:74 - Set database path to: D:\Ron\stm321.7.0\STM32CubeIDE_1.7.0\STM32CubeIDE\plugins\com.st.stm32cube.common.mx_6.3.0.202107141111\\db\/mcu/
2023-09-21 23:32:26,574 [INFO] DbBoardsPdsc:56 - Set plugin database path to: D:\Ron\stm321.7.0\STM32CubeIDE_1.7.0\STM32CubeIDE\plugins\com.st.stm32cube.common.mx_6.3.0.202107141111\\db\/plugins/boardmanager/
2023-09-21 23:32:26,575 [INFO] DbMcus:258 - Set plugin images path to: D:\Ron\stm321.7.0\STM32CubeIDE_1.7.0\STM32CubeIDE\plugins\com.st.stm32cube.common.mx_6.3.0.202107141111\\db\/plugins/mcufinder/images/
2023-09-21 23:32:26,575 [INFO] DbBoards:264 - Set plugin images path to: D:\Ron\stm321.7.0\STM32CubeIDE_1.7.0\STM32CubeIDE\plugins\com.st.stm32cube.common.mx_6.3.0.202107141111\\db\/plugins/mcufinder/images/
2023-09-21 23:32:26,576 [INFO] DbExamples:333 - Set plugin images path to: D:\Ron\stm321.7.0\STM32CubeIDE_1.7.0\STM32CubeIDE\plugins\com.st.stm32cube.common.mx_6.3.0.202107141111\\db\/plugins/mcufinder/images/
2023-09-21 23:32:26,581 [INFO] DbMcusAds:119 - Set database path to: C:\Users\Bao Hinh\.stmcufinder\plugins\mcufinder//mcu/
2023-09-21 23:32:26,585 [INFO] DbMcusDocs:110 - Set database path to: C:\Users\Bao Hinh\.stmcufinder\plugins\mcufinder//mcu/
2023-09-21 23:32:26,589 [INFO] DbMcusJson:64 - Set database path to: C:\Users\Bao Hinh\.stmcufinder\plugins\mcufinder//mcu/
2023-09-21 23:32:26,590 [INFO] DbBoardsDocs:110 - Set database path to: C:\Users\Bao Hinh\.stmcufinder\plugins\mcufinder//mcu/
2023-09-21 23:32:26,591 [INFO] DbBoardsJson:57 - Set database path to: C:\Users\Bao Hinh\.stmcufinder\plugins\mcufinder//mcu/
2023-09-21 23:32:27,360 [INFO] CrossReferenceDbSqlite:196 - Set database path to: C:\Users\Bao Hinh\.stmcufinder\plugins\mcufinder//mcu/cs/
2023-09-21 23:32:27,367 [INFO] DbExamplesSqlite:767 - Set database path to: C:\Users\Bao Hinh\.stmcufinder\plugins\mcufinder//mcu/
2023-09-21 23:32:27,477 [INFO] RulesReader:57 - Compatibility file has been processed (242 Rules)
2023-09-21 23:32:27,601 [INFO] DbMcusXml:74 - Set database path to: D:\Ron\stm321.7.0\STM32CubeIDE_1.7.0\STM32CubeIDE\plugins\com.st.stm32cube.common.mx_6.3.0.202107141111\\db\/mcu/
2023-09-21 23:32:27,603 [INFO] DbBoardsPdsc:56 - Set plugin database path to: D:\Ron\stm321.7.0\STM32CubeIDE_1.7.0\STM32CubeIDE\plugins\com.st.stm32cube.common.mx_6.3.0.202107141111\\db\/plugins/boardmanager/
2023-09-21 23:32:27,603 [INFO] DbMcus:258 - Set plugin images path to: D:\Ron\stm321.7.0\STM32CubeIDE_1.7.0\STM32CubeIDE\plugins\com.st.stm32cube.common.mx_6.3.0.202107141111\\db\/plugins/mcufinder/images/
2023-09-21 23:32:27,603 [INFO] DbBoards:264 - Set plugin images path to: D:\Ron\stm321.7.0\STM32CubeIDE_1.7.0\STM32CubeIDE\plugins\com.st.stm32cube.common.mx_6.3.0.202107141111\\db\/plugins/mcufinder/images/
2023-09-21 23:32:27,603 [INFO] DbExamples:333 - Set plugin images path to: D:\Ron\stm321.7.0\STM32CubeIDE_1.7.0\STM32CubeIDE\plugins\com.st.stm32cube.common.mx_6.3.0.202107141111\\db\/plugins/mcufinder/images/
2023-09-21 23:32:27,603 [WARN] DbFile:35 - Overriding database path with different value: C:\Users\Bao Hinh\.stmcufinder\plugins\mcufinder/ => C:\Users\Bao Hinh\.stmcufinder\plugins\mcufinder
2023-09-21 23:32:27,603 [INFO] DbMcusAds:119 - Set database path to: C:\Users\Bao Hinh\.stmcufinder\plugins\mcufinder//mcu/
2023-09-21 23:32:27,603 [WARN] DbFile:35 - Overriding database path with different value: C:\Users\Bao Hinh\.stmcufinder\plugins\mcufinder/ => C:\Users\Bao Hinh\.stmcufinder\plugins\mcufinder
2023-09-21 23:32:27,603 [INFO] DbMcusDocs:110 - Set database path to: C:\Users\Bao Hinh\.stmcufinder\plugins\mcufinder//mcu/
2023-09-21 23:32:27,604 [WARN] DbFile:35 - Overriding database path with different value: C:\Users\Bao Hinh\.stmcufinder\plugins\mcufinder/ => C:\Users\Bao Hinh\.stmcufinder\plugins\mcufinder
2023-09-21 23:32:27,604 [INFO] DbMcusJson:64 - Set database path to: C:\Users\Bao Hinh\.stmcufinder\plugins\mcufinder//mcu/
2023-09-21 23:32:27,604 [WARN] DbFile:35 - Overriding database path with different value: C:\Users\Bao Hinh\.stmcufinder\plugins\mcufinder/ => C:\Users\Bao Hinh\.stmcufinder\plugins\mcufinder
2023-09-21 23:32:27,604 [INFO] DbBoardsDocs:110 - Set database path to: C:\Users\Bao Hinh\.stmcufinder\plugins\mcufinder//mcu/
2023-09-21 23:32:27,604 [WARN] DbFile:35 - Overriding database path with different value: C:\Users\Bao Hinh\.stmcufinder\plugins\mcufinder/ => C:\Users\Bao Hinh\.stmcufinder\plugins\mcufinder
2023-09-21 23:32:27,604 [INFO] DbBoardsJson:57 - Set database path to: C:\Users\Bao Hinh\.stmcufinder\plugins\mcufinder//mcu/
2023-09-21 23:32:27,604 [WARN] DbFile:35 - Overriding database path with different value: C:\Users\Bao Hinh\.stmcufinder\plugins\mcufinder/ => C:\Users\Bao Hinh\.stmcufinder\plugins\mcufinder
2023-09-21 23:32:27,604 [WARN] DbFile:35 - Overriding database path with different value: C:\Users\Bao Hinh\.stmcufinder\plugins\mcufinder/ => C:\Users\Bao Hinh\.stmcufinder\plugins\mcufinder
2023-09-21 23:32:28,353 [INFO] CrossReferenceDbSqlite:196 - Set database path to: C:\Users\Bao Hinh\.stmcufinder\plugins\mcufinder//mcu/cs/
2023-09-21 23:32:28,353 [WARN] DbFile:35 - Overriding database path with different value: C:\Users\Bao Hinh\.stmcufinder\plugins\mcufinder/ => C:\Users\Bao Hinh\.stmcufinder\plugins\mcufinder
2023-09-21 23:32:28,354 [INFO] DbExamplesSqlite:767 - Set database path to: C:\Users\Bao Hinh\.stmcufinder\plugins\mcufinder//mcu/
2023-09-21 23:32:28,459 [INFO] MainPanel:214 - HeapMemory: 268435456
2023-09-21 23:32:28,594 [INFO] DbMcusXml:74 - Set database path to: D:\Ron\stm321.7.0\STM32CubeIDE_1.7.0\STM32CubeIDE\plugins\com.st.stm32cube.common.mx_6.3.0.202107141111\\db\/mcu/
2023-09-21 23:32:28,594 [INFO] DbBoardsPdsc:56 - Set plugin database path to: D:\Ron\stm321.7.0\STM32CubeIDE_1.7.0\STM32CubeIDE\plugins\com.st.stm32cube.common.mx_6.3.0.202107141111\\db\/plugins/boardmanager/
2023-09-21 23:32:28,595 [INFO] DbMcus:258 - Set plugin images path to: D:\Ron\stm321.7.0\STM32CubeIDE_1.7.0\STM32CubeIDE\plugins\com.st.stm32cube.common.mx_6.3.0.202107141111\\db\/plugins/mcufinder/images/
2023-09-21 23:32:28,595 [INFO] DbBoards:264 - Set plugin images path to: D:\Ron\stm321.7.0\STM32CubeIDE_1.7.0\STM32CubeIDE\plugins\com.st.stm32cube.common.mx_6.3.0.202107141111\\db\/plugins/mcufinder/images/
2023-09-21 23:32:28,595 [INFO] DbExamples:333 - Set plugin images path to: D:\Ron\stm321.7.0\STM32CubeIDE_1.7.0\STM32CubeIDE\plugins\com.st.stm32cube.common.mx_6.3.0.202107141111\\db\/plugins/mcufinder/images/
2023-09-21 23:32:28,596 [WARN] DbFile:35 - Overriding database path with different value: C:\Users\Bao Hinh\.stmcufinder\plugins\mcufinder/ => C:\Users\Bao Hinh\.stmcufinder\plugins\mcufinder
2023-09-21 23:32:28,597 [INFO] DbMcusAds:119 - Set database path to: C:\Users\Bao Hinh\.stmcufinder\plugins\mcufinder//mcu/
2023-09-21 23:32:28,597 [WARN] DbFile:35 - Overriding database path with different value: C:\Users\Bao Hinh\.stmcufinder\plugins\mcufinder/ => C:\Users\Bao Hinh\.stmcufinder\plugins\mcufinder
2023-09-21 23:32:28,597 [INFO] DbMcusDocs:110 - Set database path to: C:\Users\Bao Hinh\.stmcufinder\plugins\mcufinder//mcu/
2023-09-21 23:32:28,597 [WARN] DbFile:35 - Overriding database path with different value: C:\Users\Bao Hinh\.stmcufinder\plugins\mcufinder/ => C:\Users\Bao Hinh\.stmcufinder\plugins\mcufinder
2023-09-21 23:32:28,597 [INFO] DbMcusJson:64 - Set database path to: C:\Users\Bao Hinh\.stmcufinder\plugins\mcufinder//mcu/
2023-09-21 23:32:28,597 [WARN] DbFile:35 - Overriding database path with different value: C:\Users\Bao Hinh\.stmcufinder\plugins\mcufinder/ => C:\Users\Bao Hinh\.stmcufinder\plugins\mcufinder
2023-09-21 23:32:28,597 [INFO] DbBoardsDocs:110 - Set database path to: C:\Users\Bao Hinh\.stmcufinder\plugins\mcufinder//mcu/
2023-09-21 23:32:28,597 [WARN] DbFile:35 - Overriding database path with different value: C:\Users\Bao Hinh\.stmcufinder\plugins\mcufinder/ => C:\Users\Bao Hinh\.stmcufinder\plugins\mcufinder
2023-09-21 23:32:28,598 [INFO] DbBoardsJson:57 - Set database path to: C:\Users\Bao Hinh\.stmcufinder\plugins\mcufinder//mcu/
2023-09-21 23:32:28,598 [WARN] DbFile:35 - Overriding database path with different value: C:\Users\Bao Hinh\.stmcufinder\plugins\mcufinder/ => C:\Users\Bao Hinh\.stmcufinder\plugins\mcufinder
2023-09-21 23:32:28,598 [WARN] DbFile:35 - Overriding database path with different value: C:\Users\Bao Hinh\.stmcufinder\plugins\mcufinder/ => C:\Users\Bao Hinh\.stmcufinder\plugins\mcufinder
2023-09-21 23:32:29,361 [INFO] CrossReferenceDbSqlite:196 - Set database path to: C:\Users\Bao Hinh\.stmcufinder\plugins\mcufinder//mcu/cs/
2023-09-21 23:32:29,362 [WARN] DbFile:35 - Overriding database path with different value: C:\Users\Bao Hinh\.stmcufinder\plugins\mcufinder/ => C:\Users\Bao Hinh\.stmcufinder\plugins\mcufinder
2023-09-21 23:32:29,362 [INFO] DbExamplesSqlite:767 - Set database path to: C:\Users\Bao Hinh\.stmcufinder\plugins\mcufinder//mcu/
2023-09-21 23:32:29,394 [INFO] ApplicationProperties:181 - Using Application install path: D:\Ron\stm321.7.0\STM32CubeIDE_1.7.0\STM32CubeIDE\plugins\com.st.stm32cube.common.mx_6.3.0.202107141111
2023-09-21 23:32:29,396 [INFO] PluginManage:188 - Search for loadable plugins [exclusion list=, ]
2023-09-21 23:32:29,398 [INFO] PluginManage:302 - Check plugin analytics
2023-09-21 23:32:30,415 [INFO] AnalyticsPlugin:257 - Accepted Software Licenses: 
2023-09-21 23:32:30,415 [INFO] AnalyticsPlugin:259 - Accepted CMSIS Pack Licenses: 
2023-09-21 23:32:30,415 [INFO] AnalyticsPlugin:261 - Accepted Firmware Licenses: 
2023-09-21 23:32:30,417 [INFO] PluginManage:352 - Loaded plugin analytics (category:tool,tabindex:-1)
2023-09-21 23:32:30,417 [INFO] PluginManage:302 - Check plugin clock
2023-09-21 23:32:30,439 [INFO] PluginManage:352 - Loaded plugin clock (category:base,tabindex:2)
2023-09-21 23:32:30,440 [INFO] PluginManage:302 - Check plugin ddr
2023-09-21 23:32:30,442 [INFO] PluginManage:352 - Loaded plugin ddr (category:tool,tabindex:6)
2023-09-21 23:32:30,442 [INFO] PluginManage:302 - Check plugin filemanager
2023-09-21 23:32:30,583 [INFO] PluginManage:352 - Loaded plugin filemanager (category:base,tabindex:10)
2023-09-21 23:32:30,584 [INFO] PluginManage:302 - Check plugin ipmanager
2023-09-21 23:32:30,595 [INFO] PluginManage:352 - Loaded plugin ipmanager (category:base,tabindex:5)
2023-09-21 23:32:30,595 [INFO] PluginManage:302 - Check plugin pinoutandconfiguration
2023-09-21 23:32:30,609 [INFO] PluginManage:352 - Loaded plugin pinoutandconfiguration (category:base,tabindex:1)
2023-09-21 23:32:30,609 [INFO] PluginManage:302 - Check plugin pinoutconfig
2023-09-21 23:32:30,643 [INFO] PluginManage:352 - Loaded plugin pinoutconfig (category:base,tabindex:0)
2023-09-21 23:32:30,643 [INFO] PluginManage:302 - Check plugin power
2023-09-21 23:32:30,659 [INFO] PluginManage:352 - Loaded plugin power (category:power,tabindex:4)
2023-09-21 23:32:30,659 [INFO] PluginManage:302 - Check plugin projectmanager
2023-09-21 23:32:30,677 [INFO] PluginManage:352 - Loaded plugin projectmanager (category:projectmanager,tabindex:3)
2023-09-21 23:32:30,677 [INFO] PluginManage:302 - Check plugin thirdparty
2023-09-21 23:32:30,885 [INFO] PluginManage:352 - Loaded plugin thirdparty (category:base,tabindex:-1)
2023-09-21 23:32:30,885 [INFO] PluginManage:302 - Check plugin tools
2023-09-21 23:32:30,885 [WARN] IntegrityCheckThread:78 - waiting for thirdparty lock release [integrity check]
2023-09-21 23:32:30,886 [INFO] IntegrityCheckThread:80 - entering critical section [integrity check]
2023-09-21 23:32:30,886 [INFO] ThirdPartyUpdaterWithRetryManager:66 - Updater plugin not ready yet. [1/15]
2023-09-21 23:32:30,890 [INFO] PluginManage:352 - Loaded plugin tools (category:base,tabindex:7)
2023-09-21 23:32:30,890 [INFO] PluginManage:302 - Check plugin tutovideos
2023-09-21 23:32:31,163 [INFO] PluginManage:352 - Loaded plugin tutovideos (category:base,tabindex:-1)
2023-09-21 23:32:31,164 [INFO] PluginManage:302 - Check plugin updater
2023-09-21 23:32:31,179 [INFO] PluginManage:352 - Loaded plugin updater (category:base,tabindex:12)
2023-09-21 23:32:31,181 [INFO] PluginManage:275 - PluginManage : Loaded plugins [13]
2023-09-21 23:32:31,422 [INFO] PinOutPanel:1463 - setPackage(No Configuration,No Configuration)
2023-09-21 23:32:31,544 [INFO] IPUIPlugin:74 - create IPUIPlugin
2023-09-21 23:32:31,545 [INFO] PluginManager:213 - loadIPPluginJar : add adc
2023-09-21 23:32:31,552 [INFO] IPUIPlugin:74 - create IPUIPlugin
2023-09-21 23:32:31,553 [INFO] PluginManager:213 - loadIPPluginJar : add aes
2023-09-21 23:32:31,556 [INFO] IPUIPlugin:74 - create IPUIPlugin
2023-09-21 23:32:31,556 [INFO] PluginManager:213 - loadIPPluginJar : add can
2023-09-21 23:32:31,558 [INFO] IPUIPlugin:74 - create IPUIPlugin
2023-09-21 23:32:31,558 [INFO] PluginManager:213 - loadIPPluginJar : add comp
2023-09-21 23:32:31,562 [INFO] IPUIPlugin:74 - create IPUIPlugin
2023-09-21 23:32:31,563 [INFO] PluginManager:213 - loadIPPluginJar : add cryp
2023-09-21 23:32:31,568 [INFO] IPUIPlugin:74 - create IPUIPlugin
2023-09-21 23:32:31,568 [INFO] PluginManager:213 - loadIPPluginJar : add dfsdm
2023-09-21 23:32:31,573 [INFO] IPUIPlugin:74 - create IPUIPlugin
2023-09-21 23:32:31,575 [INFO] PluginManager:213 - loadIPPluginJar : add dma
2023-09-21 23:32:31,576 [INFO] IPUIPlugin:74 - create IPUIPlugin
2023-09-21 23:32:31,576 [INFO] PluginManager:213 - loadIPPluginJar : add dma3
2023-09-21 23:32:31,579 [INFO] IPUIPlugin:74 - create IPUIPlugin
2023-09-21 23:32:31,579 [INFO] PluginManager:213 - loadIPPluginJar : add fatfs
2023-09-21 23:32:31,586 [INFO] IPUIPlugin:74 - create IPUIPlugin
2023-09-21 23:32:31,586 [INFO] PluginManager:213 - loadIPPluginJar : add fmc
2023-09-21 23:32:31,595 [INFO] IPUIPlugin:74 - create IPUIPlugin
2023-09-21 23:32:31,595 [INFO] PluginManager:213 - loadIPPluginJar : add freertos
2023-09-21 23:32:31,600 [INFO] IPUIPlugin:74 - create IPUIPlugin
2023-09-21 23:32:31,601 [INFO] PluginManager:213 - loadIPPluginJar : add genericplugin
2023-09-21 23:32:31,604 [INFO] IPUIPlugin:74 - create IPUIPlugin
2023-09-21 23:32:31,604 [INFO] PluginManager:213 - loadIPPluginJar : add gfxmmu
2023-09-21 23:32:31,610 [INFO] IPUIPlugin:74 - create IPUIPlugin
2023-09-21 23:32:31,610 [INFO] PluginManager:213 - loadIPPluginJar : add gic
2023-09-21 23:32:31,616 [INFO] IPUIPlugin:74 - create IPUIPlugin
2023-09-21 23:32:31,617 [INFO] PluginManager:213 - loadIPPluginJar : add gpio
2023-09-21 23:32:31,620 [INFO] IPUIPlugin:74 - create IPUIPlugin
2023-09-21 23:32:31,620 [INFO] PluginManager:213 - loadIPPluginJar : add gtzc
2023-09-21 23:32:31,623 [INFO] IPUIPlugin:74 - create IPUIPlugin
2023-09-21 23:32:31,623 [INFO] PluginManager:213 - loadIPPluginJar : add hash
2023-09-21 23:32:31,626 [INFO] IPUIPlugin:74 - create IPUIPlugin
2023-09-21 23:32:31,626 [INFO] PluginManager:213 - loadIPPluginJar : add i2c
2023-09-21 23:32:31,629 [INFO] IPUIPlugin:74 - create IPUIPlugin
2023-09-21 23:32:31,630 [INFO] PluginManager:213 - loadIPPluginJar : add i2s
2023-09-21 23:32:31,638 [INFO] IPUIPlugin:74 - create IPUIPlugin
2023-09-21 23:32:31,638 [INFO] PluginManager:213 - loadIPPluginJar : add ipddr
2023-09-21 23:32:31,648 [INFO] IPUIPlugin:74 - create IPUIPlugin
2023-09-21 23:32:31,648 [INFO] PluginManager:213 - loadIPPluginJar : add linkedlist
2023-09-21 23:32:31,653 [INFO] IPUIPlugin:74 - create IPUIPlugin
2023-09-21 23:32:31,653 [INFO] PluginManager:213 - loadIPPluginJar : add lorawan
2023-09-21 23:32:31,655 [INFO] IPUIPlugin:74 - create IPUIPlugin
2023-09-21 23:32:31,655 [INFO] PluginManager:213 - loadIPPluginJar : add ltdc
2023-09-21 23:32:31,658 [INFO] IPUIPlugin:74 - create IPUIPlugin
2023-09-21 23:32:31,658 [INFO] PluginManager:213 - loadIPPluginJar : add mdma
2023-09-21 23:32:31,663 [INFO] IPUIPlugin:74 - create IPUIPlugin
2023-09-21 23:32:31,663 [INFO] PluginManager:213 - loadIPPluginJar : add nvic
2023-09-21 23:32:31,667 [INFO] IPUIPlugin:74 - create IPUIPlugin
2023-09-21 23:32:31,668 [INFO] PluginManager:213 - loadIPPluginJar : add opamp
2023-09-21 23:32:31,673 [INFO] IPUIPlugin:74 - create IPUIPlugin
2023-09-21 23:32:31,673 [INFO] PluginManager:213 - loadIPPluginJar : add openamp
2023-09-21 23:32:31,676 [INFO] IPUIPlugin:74 - create IPUIPlugin
2023-09-21 23:32:31,677 [INFO] PluginManager:213 - loadIPPluginJar : add pdm2pcm
2023-09-21 23:32:31,687 [INFO] IPUIPlugin:74 - create IPUIPlugin
2023-09-21 23:32:31,689 [INFO] PluginManager:213 - loadIPPluginJar : add plateformsettings
2023-09-21 23:32:31,692 [INFO] IPUIPlugin:74 - create IPUIPlugin
2023-09-21 23:32:31,693 [INFO] PluginManager:213 - loadIPPluginJar : add quadspi
2023-09-21 23:32:31,699 [INFO] IPUIPlugin:74 - create IPUIPlugin
2023-09-21 23:32:31,699 [INFO] PluginManager:213 - loadIPPluginJar : add resmgrutility
2023-09-21 23:32:31,702 [INFO] IPUIPlugin:74 - create IPUIPlugin
2023-09-21 23:32:31,702 [INFO] PluginManager:213 - loadIPPluginJar : add sai
2023-09-21 23:32:31,705 [INFO] IPUIPlugin:74 - create IPUIPlugin
2023-09-21 23:32:31,706 [INFO] PluginManager:213 - loadIPPluginJar : add spi
2023-09-21 23:32:31,740 [INFO] IPUIPlugin:74 - create IPUIPlugin
2023-09-21 23:32:31,740 [INFO] PluginManager:213 - loadIPPluginJar : add stm32_wpan
2023-09-21 23:32:31,743 [INFO] IPUIPlugin:74 - create IPUIPlugin
2023-09-21 23:32:31,743 [INFO] PluginManager:213 - loadIPPluginJar : add tim
2023-09-21 23:32:31,748 [INFO] IPUIPlugin:74 - create IPUIPlugin
2023-09-21 23:32:31,748 [INFO] PluginManager:213 - loadIPPluginJar : add touchsensing
2023-09-21 23:32:31,754 [INFO] IPUIPlugin:74 - create IPUIPlugin
2023-09-21 23:32:31,754 [INFO] PluginManager:213 - loadIPPluginJar : add tracer_emb
2023-09-21 23:32:31,759 [INFO] IPUIPlugin:74 - create IPUIPlugin
2023-09-21 23:32:31,759 [INFO] PluginManager:213 - loadIPPluginJar : add ts
2023-09-21 23:32:31,761 [INFO] IPUIPlugin:74 - create IPUIPlugin
2023-09-21 23:32:31,762 [INFO] PluginManager:213 - loadIPPluginJar : add tsc
2023-09-21 23:32:31,767 [INFO] IPUIPlugin:74 - create IPUIPlugin
2023-09-21 23:32:31,767 [INFO] PluginManager:213 - loadIPPluginJar : add ucpd
2023-09-21 23:32:31,772 [INFO] IPUIPlugin:74 - create IPUIPlugin
2023-09-21 23:32:31,772 [INFO] PluginManager:213 - loadIPPluginJar : add usart
2023-09-21 23:32:31,794 [INFO] IPUIPlugin:74 - create IPUIPlugin
2023-09-21 23:32:31,794 [INFO] PluginManager:213 - loadIPPluginJar : add usbx
2023-09-21 23:32:32,178 [FATAL] Updater:294 - Updater called before beeing initialized
2023-09-21 23:32:32,304 [FATAL] Updater:294 - Updater called before beeing initialized
2023-09-21 23:32:32,312 [INFO] DbMcusAds:47 - JSON generation date=Tue Mar 07 15:50:55 ICT 2023 (1678179055114)
2023-09-21 23:32:32,312 [FATAL] Updater:294 - Updater called before beeing initialized
2023-09-21 23:32:32,373 [WARN] DetailPanel:314 - Failed to get advertising image, set to default
2023-09-21 23:32:32,491 [FATAL] Updater:294 - Updater called before beeing initialized
2023-09-21 23:32:32,494 [FATAL] Updater:294 - Updater called before beeing initialized
2023-09-21 23:32:32,494 [FATAL] Updater:294 - Updater called before beeing initialized
2023-09-21 23:32:32,494 [WARN] DetailPanel:314 - Failed to get advertising image, set to default
2023-09-21 23:32:32,495 [FATAL] Updater:294 - Updater called before beeing initialized
2023-09-21 23:32:32,559 [ERROR] Updater:1075 - MainUpdater not yet initialized. External WinMGr cannot be set.
2023-09-21 23:32:32,565 [INFO] Updater:1012 - Updater Version found : 6.3.0
2023-09-21 23:32:32,587 [INFO] ApplicationProperties:181 - Using Application install path: D:\Ron\stm321.7.0\STM32CubeIDE_1.7.0\STM32CubeIDE\plugins\com.st.stm32cube.common.mx_6.3.0.202107141111
2023-09-21 23:32:32,923 [INFO] MainUpdater:2671 - connection check result : 10
2023-09-21 23:32:32,924 [INFO] MainUpdater:265 - Updater Check For Update Now.
2023-09-21 23:32:32,925 [INFO] MicroXplorer:478 - Change Database Version : DB.6.0.30
2023-09-21 23:32:33,143 [INFO] CheckServerUpdateThread:112 - End of CheckServer Thread
2023-09-21 23:32:33,156 [INFO] MainUpdater:2671 - connection check result : 10
2023-09-21 23:32:33,159 [INFO] McuFinderGlobals:52 - Set McuFinderConnectedMode to true
2023-09-21 23:32:33,404 [INFO] ServerAccessManage:362 - Download File mcusAds.json._tmp_
2023-09-21 23:32:33,527 [INFO] LoadUrlFilesThread:145 - End of LoadUrlFiles Thread
2023-09-21 23:32:33,899 [WARN] MainUpdater:1122 - Updater busy. Cannot search thirdparties
2023-09-21 23:32:33,900 [INFO] ThirdPartyUpdaterWithRetryManager:92 - Updater plugin is busy. [1/15]
2023-09-21 23:32:34,265 [INFO] ServerAccessManage:362 - Download File mcusDocs.json._tmp_
2023-09-21 23:32:35,040 [INFO] LoadUrlFilesThread:145 - End of LoadUrlFiles Thread
2023-09-21 23:32:35,326 [INFO] ServerAccessManage:362 - Download File mcusFeaturesAndDescription.json._tmp_
2023-09-21 23:32:36,074 [INFO] LoadUrlFilesThread:145 - End of LoadUrlFiles Thread
2023-09-21 23:32:36,335 [INFO] ServerAccessManage:362 - Download File boardsDocs.json._tmp_
2023-09-21 23:32:36,463 [INFO] LoadUrlFilesThread:145 - End of LoadUrlFiles Thread
2023-09-21 23:32:36,904 [WARN] MainUpdater:1122 - Updater busy. Cannot search thirdparties
2023-09-21 23:32:36,904 [INFO] ThirdPartyUpdaterWithRetryManager:92 - Updater plugin is busy. [2/15]
2023-09-21 23:32:37,119 [INFO] ServerAccessManage:362 - Download File boards.json._tmp_
2023-09-21 23:32:37,362 [INFO] LoadUrlFilesThread:145 - End of LoadUrlFiles Thread
2023-09-21 23:32:38,579 [INFO] ServerAccessManage:362 - Download File cube-finder-db.zip
2023-09-21 23:32:39,913 [WARN] MainUpdater:1122 - Updater busy. Cannot search thirdparties
2023-09-21 23:32:39,913 [INFO] ThirdPartyUpdaterWithRetryManager:92 - Updater plugin is busy. [3/15]
2023-09-21 23:32:40,213 [INFO] FileExtend:235 - Unzip File : cube-finder-db.zip
2023-09-21 23:32:40,213 [INFO] FileExtend:250 - Standard Zip Deflate
2023-09-21 23:32:41,808 [INFO] LoadUrlFilesThread:145 - End of LoadUrlFiles Thread
2023-09-21 23:32:43,123 [ERROR] Engine:463 - C:\Users\Bao Hinh\.stm32cubemx\thirdparties\pdsc\STMicroelectronics.X-CUBE-SMBUS.2.1.0.pdsc: PDSC version is not supported
2023-09-21 23:32:43,257 [WARN] PackLoader:238 - Cannot read IP mode file for STMicroelectronics.X-CUBE-AZRTOS-F7.1.1.0
2023-09-21 23:32:43,289 [ERROR] Engine:463 - C:\Users\Bao Hinh\.stm32cubemx\thirdparties\pdsc\STMicroelectronics.FP-SNS-MOTENV1.4.3.2.pdsc: PDSC version is not supported
2023-09-21 23:32:43,305 [ERROR] Engine:463 - C:\Users\Bao Hinh\.stm32cubemx\thirdparties\pdsc\STMicroelectronics.FP-SNS-FLIGHT1.5.0.2.pdsc: PDSC version is not supported
2023-09-21 23:32:43,326 [ERROR] Engine:463 - C:\Users\Bao Hinh\.stm32cubemx\thirdparties\pdsc\STMicroelectronics.X-CUBE-DISPLAY.3.0.0.pdsc: PDSC version is not supported
2023-09-21 23:32:43,346 [WARN] PackLoader:238 - Cannot read IP mode file for STMicroelectronics.X-CUBE-BLE1.7.0.0
2023-09-21 23:32:43,359 [ERROR] Engine:463 - C:\Users\Bao Hinh\.stm32cubemx\thirdparties\pdsc\emotas.I-CUBE-CANOPEN.1.3.0.pdsc: PDSC version is not supported
2023-09-21 23:32:43,375 [WARN] PackLoader:238 - Cannot read IP mode file for STMicroelectronics.X-CUBE-TOUCHGFX.4.22.0
2023-09-21 23:32:43,391 [ERROR] Engine:463 - C:\Users\Bao Hinh\.stm32cubemx\thirdparties\pdsc\STMicroelectronics.FP-SNS-SMARTAG2.1.2.0.pdsc: PDSC version is not supported
2023-09-21 23:32:43,424 [INFO] LogOutputStream:76 - [STDOUT_REDIRECT] 1 : Invalid condition id : UX_CORESTACK_Condition cause : null
2023-09-21 23:32:43,425 [INFO] LogOutputStream:76 - [STDOUT_REDIRECT] 1 : Invalid condition id : UX_CORESTACK_Condition cause : null
2023-09-21 23:32:43,426 [INFO] LogOutputStream:76 - [STDOUT_REDIRECT] 1 : Invalid condition id : UX_CORESTACK_Condition cause : null
2023-09-21 23:32:43,428 [INFO] LogOutputStream:76 - [STDOUT_REDIRECT] 1 : Invalid condition id : UX_CORESTACK_Condition cause : null
2023-09-21 23:32:43,429 [INFO] LogOutputStream:76 - [STDOUT_REDIRECT] 1 : Invalid condition id : UX_CORESTACK_Condition cause : null
2023-09-21 23:32:43,434 [WARN] PackLoader:238 - Cannot read IP mode file for STMicroelectronics.X-CUBE-AZRTOS-WL.2.0.0
2023-09-21 23:32:43,467 [WARN] PackLoader:238 - Cannot read IP mode file for WES.I-CUBE-Cesium.1.3.0
2023-09-21 23:32:43,492 [WARN] PackLoader:238 - Cannot read IP mode file for STMicroelectronics.X-CUBE-BLE2.3.3.0
2023-09-21 23:32:43,518 [WARN] PackLoader:238 - Cannot read IP mode file for STMicroelectronics.X-CUBE-ALGOBUILD.1.3.0
2023-09-21 23:32:43,601 [WARN] PackLoader:238 - Cannot read IP mode file for STMicroelectronics.X-CUBE-AZRTOS-G0.1.1.0
2023-09-21 23:32:43,637 [WARN] PackLoader:238 - Cannot read IP mode file for STMicroelectronics.X-CUBE-NFC4.3.0.0
2023-09-21 23:32:43,683 [WARN] PackLoader:238 - Cannot read IP mode file for STMicroelectronics.FP-ATR-SIGFOX1.3.2.0
2023-09-21 23:32:43,775 [WARN] PackLoader:238 - Cannot read IP mode file for SEGGER.I-CUBE-embOS.1.3.1
2023-09-21 23:32:43,944 [WARN] PackLoader:238 - Cannot read IP mode file for STMicroelectronics.X-CUBE-GNSS1.6.0.0
2023-09-21 23:32:44,028 [WARN] PackLoader:238 - Cannot read IP mode file for STMicroelectronics.X-CUBE-AZRTOS-F4.1.1.0
2023-09-21 23:32:44,057 [WARN] PackLoader:238 - Cannot read IP mode file for wolfSSL.I-CUBE-wolfSSL.5.6.3
2023-09-21 23:32:44,108 [WARN] PackLoader:238 - Cannot read IP mode file for STMicroelectronics.X-CUBE-AZRTOS-L5.2.0.0
2023-09-21 23:32:44,213 [WARN] PackLoader:238 - Cannot read IP mode file for STMicroelectronics.X-CUBE-MEMS1.9.6.0
2023-09-21 23:32:44,574 [WARN] PackLoader:238 - Cannot read IP mode file for STMicroelectronics.X-CUBE-BLEMGR.2.0.0
2023-09-21 23:32:44,614 [WARN] ConditionMgr:437 - getConditionDescription Invalid condition id : UX DEVICE CLASS RTOS Condition cause : null
2023-09-21 23:32:44,615 [WARN] ConditionMgr:437 - getConditionDescription Invalid condition id : UX DEVICE CLASS RTOS Condition cause : null
2023-09-21 23:32:44,624 [WARN] PackLoader:238 - Cannot read IP mode file for STMicroelectronics.X-CUBE-AZRTOS-H7.3.1.0
2023-09-21 23:32:44,631 [WARN] ConditionMgr:1038 - genDependencies : Invalid condition id : UX DEVICE CLASS RTOS Condition cause : null
2023-09-21 23:32:44,633 [WARN] ConditionMgr:1038 - genDependencies : Invalid condition id : UX DEVICE CLASS RTOS Condition cause : null
2023-09-21 23:32:44,636 [WARN] ConditionMgr:1038 - genDependencies : Invalid condition id : UX DEVICE CLASS RTOS Condition cause : null
2023-09-21 23:32:44,637 [WARN] ConditionMgr:1038 - genDependencies : Invalid condition id : UX DEVICE CLASS RTOS Condition cause : null
2023-09-21 23:32:44,637 [WARN] ConditionMgr:1038 - genDependencies : Invalid condition id : UX DEVICE CLASS RTOS Condition cause : null
2023-09-21 23:32:44,657 [WARN] PackLoader:238 - Cannot read IP mode file for STMicroelectronics.X-CUBE-NFC7.1.0.1
2023-09-21 23:32:44,680 [WARN] PackLoader:238 - Cannot read IP mode file for STMicroelectronics.X-CUBE-NFC6.3.0.0
2023-09-21 23:32:44,702 [WARN] PackLoader:238 - Cannot read IP mode file for STMicroelectronics.X-CUBE-EEPRMA1.4.1.0
2023-09-21 23:32:44,722 [WARN] PackLoader:238 - Cannot read IP mode file for STMicroelectronics.X-CUBE-AI.8.1.0
2023-09-21 23:32:44,767 [WARN] ConditionMgr:437 - getConditionDescription Invalid condition id : LAN8742 Phy interface Condition cause : null
2023-09-21 23:32:44,768 [WARN] PackLoader:238 - Cannot read IP mode file for STMicroelectronics.X-CUBE-AZRTOS-L4.2.0.0
2023-09-21 23:32:44,769 [WARN] ConditionMgr:1038 - genDependencies : Invalid condition id : LAN8742 Phy interface Condition cause : null
2023-09-21 23:32:44,771 [WARN] ConditionMgr:1038 - genDependencies : Invalid condition id : LAN8742 Phy interface Condition cause : null
2023-09-21 23:32:44,772 [WARN] ConditionMgr:1038 - genDependencies : Invalid condition id : LAN8742 Phy interface Condition cause : null
2023-09-21 23:32:44,801 [WARN] PackLoader:238 - Cannot read IP mode file for STMicroelectronics.X-CUBE-SFXS2LP1.4.0.0
2023-09-21 23:32:44,821 [WARN] PackLoader:238 - Cannot read IP mode file for STMicroelectronics.X-CUBE-ISPU.1.1.0
2023-09-21 23:32:44,849 [WARN] ConditionMgr:437 - getConditionDescription Invalid condition id : UX DEVICE CLASS RTOS Condition cause : null
2023-09-21 23:32:44,850 [WARN] ConditionMgr:437 - getConditionDescription Invalid condition id : UX DEVICE CLASS RTOS Condition cause : null
2023-09-21 23:32:44,852 [WARN] PackLoader:238 - Cannot read IP mode file for STMicroelectronics.X-CUBE-AZRTOS-WB.2.0.0
2023-09-21 23:32:44,853 [WARN] ConditionMgr:1038 - genDependencies : Invalid condition id : UX DEVICE CLASS RTOS Condition cause : null
2023-09-21 23:32:44,854 [WARN] ConditionMgr:1038 - genDependencies : Invalid condition id : UX DEVICE CLASS RTOS Condition cause : null
2023-09-21 23:32:44,854 [WARN] ConditionMgr:1038 - genDependencies : Invalid condition id : UX DEVICE CLASS RTOS Condition cause : null
2023-09-21 23:32:44,854 [WARN] ConditionMgr:1038 - genDependencies : Invalid condition id : UX DEVICE CLASS RTOS Condition cause : null
2023-09-21 23:32:44,854 [WARN] ConditionMgr:1038 - genDependencies : Invalid condition id : UX DEVICE CLASS RTOS Condition cause : null
2023-09-21 23:32:44,875 [WARN] PackLoader:238 - Cannot read IP mode file for STMicroelectronics.X-CUBE-SUBG2.5.0.0
2023-09-21 23:32:44,903 [ERROR] Engine:463 - C:\Users\Bao Hinh\.stm32cubemx\thirdparties\pdsc\STMicroelectronics.X-CUBE-TOF1.3.3.1.pdsc: PDSC version is not supported
2023-09-21 23:32:44,932 [WARN] PackLoader:238 - Cannot read IP mode file for STMicroelectronics.X-CUBE-AZRTOS-G4.2.0.0
2023-09-21 23:32:44,945 [ERROR] Engine:463 - C:\Users\Bao Hinh\.stm32cubemx\thirdparties\pdsc\STMicroelectronics.X-CUBE-FREERTOS.1.1.0.pdsc: PDSC version is not supported
2023-09-21 23:32:44,961 [WARN] PackLoader:238 - Cannot read IP mode file for portGmbH.I-Cube-SoM-uGOAL.1.1.0
2023-09-21 23:32:44,975 [WARN] PackLoader:238 - Cannot read IP mode file for STMicroelectronics.X-CUBE-ALS.1.0.1
2023-09-21 23:32:44,988 [WARN] PackLoader:238 - Cannot read IP mode file for STMicroelectronics.FP-ATR-ASTRA1.2.0.0
2023-09-21 23:32:44,989 [INFO] ThirdParty:915 - Integrity check success = true
2023-09-21 23:32:44,989 [INFO] IntegrityCheckThread:94 - exiting critical section [integrity check]
2023-09-21 23:32:44,989 [INFO] IntegrityCheckThread:97 - End integrity checks thread
2023-09-21 23:32:45,136 [INFO] ServerAccessManage:362 - Download File crdb.zip
2023-09-21 23:32:46,849 [INFO] FileExtend:235 - Unzip File : crdb.zip
2023-09-21 23:32:46,850 [INFO] FileExtend:250 - Standard Zip Deflate
2023-09-21 23:32:47,006 [INFO] LoadUrlFilesThread:145 - End of LoadUrlFiles Thread
2023-09-21 23:32:48,895 [INFO] ServerAccessManage:362 - Download File tutoVideoDB.zip
2023-09-21 23:32:48,921 [INFO] FileExtend:235 - Unzip File : tutoVideoDB.zip
2023-09-21 23:32:48,921 [INFO] FileExtend:250 - Standard Zip Deflate
2023-09-21 23:32:49,055 [INFO] LoadUrlFilesThread:145 - End of LoadUrlFiles Thread
2023-09-21 23:32:49,059 [INFO] DbMcusAds:47 - JSON generation date=Tue Mar 07 15:50:55 ICT 2023 (1678179055114)
2023-09-21 23:32:49,074 [INFO] DbMcusDocs:143 - JSON generation date=Tue Nov 16 23:17:54 ICT 2021 (1637079474)
2023-09-21 23:32:49,078 [INFO] DbMcusXml:100 - Load MCU database from D:\Ron\stm321.7.0\STM32CubeIDE_1.7.0\STM32CubeIDE\plugins\com.st.stm32cube.common.mx_6.3.0.202107141111\\db\/mcu/families.xml
2023-09-21 23:32:50,170 [INFO] DbMcusJson:93 - JSON generation date=Tue Nov 16 23:17:54 ICT 2021 (1637079474)
2023-09-21 23:32:51,021 [INFO] DbMcus:175 - Found 1951 MCUs (1903 are supported by CubeMX, 1914 are visible in CubeMX)
2023-09-21 23:32:51,021 [INFO] ApiDb:251 - Load user favorites file C:\Users\Bao Hinh/.stm32cubeide/favorites.mcus.txt: 0 item(s)
2023-09-21 23:32:51,022 [INFO] ApiDb:255 - User favorites MCUs=[]
2023-09-21 23:32:51,022 [INFO] DbMcus:187 - Set 0 / 0 favorites MCUs
2023-09-21 23:32:51,843 [INFO] DbMcusDocs:79 - Found 682 MCUs documents
2023-09-21 23:32:51,847 [INFO] ApiDb:276 - Save user favorites file C:\Users\Bao Hinh/.stm32cubeide/favorites.mcus.txt: 0 item(s)
2023-09-21 23:32:51,848 [INFO] ApiDb:280 - User favorites MCUs=[]
2023-09-21 23:32:51,848 [INFO] DbMcusXml:100 - Load MCU database from D:\Ron\stm321.7.0\STM32CubeIDE_1.7.0\STM32CubeIDE\plugins\com.st.stm32cube.common.mx_6.3.0.202107141111\\db\/mcu/families.xml
2023-09-21 23:32:52,578 [INFO] DbMcusJson:93 - JSON generation date=Tue Nov 16 23:17:54 ICT 2021 (1637079474)
2023-09-21 23:32:53,269 [INFO] DbMcus:175 - Found 1951 MCUs (1903 are supported by CubeMX, 1914 are visible in CubeMX)
2023-09-21 23:32:53,270 [INFO] ApiDb:251 - Load user favorites file C:\Users\Bao Hinh/.stm32cubeide/favorites.mcus.txt: 0 item(s)
2023-09-21 23:32:53,270 [INFO] ApiDb:255 - User favorites MCUs=[]
2023-09-21 23:32:53,270 [INFO] DbMcus:187 - Set 0 / 0 favorites MCUs
2023-09-21 23:32:53,276 [INFO] DbBoardsDocs:143 - JSON generation date=Tue Nov 16 23:17:54 ICT 2021 (1637079474)
2023-09-21 23:32:53,290 [INFO] DbBoardsPdsc:90 - Found 25 items
2023-09-21 23:32:53,293 [INFO] DbBoardsPdsc:90 - Found 9 items
2023-09-21 23:32:53,298 [INFO] DbBoardsPdsc:90 - Found 33 items
2023-09-21 23:32:53,299 [INFO] DbBoardsPdsc:90 - Found 1 items
2023-09-21 23:32:53,308 [INFO] DbBoardsPdsc:90 - Found 48 items
2023-09-21 23:32:53,317 [INFO] DbBoardsPdsc:90 - Found 43 items
2023-09-21 23:32:53,319 [INFO] DbBoardsPdsc:90 - Found 2 items
2023-09-21 23:32:53,321 [INFO] DbBoardsPdsc:90 - Found 5 items
2023-09-21 23:32:53,328 [WARN] DbBoardsPdsc:254 - Board STM32H7B3I-DK: unknown feature type=Audio, name=, username=Audio stereo codec with Headphone Amp (CS42L51-CNZ), n=1
2023-09-21 23:32:53,328 [WARN] DbBoardsPdsc:254 - Board STM32H735G-DK: unknown feature type=Audio, name=, username=Audio stereo codec with Headphone Amp (WM8994ECS/R), n=1
2023-09-21 23:32:53,331 [WARN] DbBoardsPdsc:254 - Board STM32H7B3I-EVAL: unknown feature type=Audio, name=, username=Multi-Channel Audio Codec (CS42L51-CNZ), n=1
2023-09-21 23:32:53,331 [WARN] DbBoardsPdsc:254 - Board STM32H7B3I-EVAL: unknown feature type=Meter, name=, username=Power-metering and Temperature-monitoring with sigma-delta modulators, n=1
2023-09-21 23:32:53,331 [WARN] DbBoardsPdsc:254 - Board STM32H7B3I-EVAL: unknown feature type=Motor, name=, username=Motor Control, n=1
2023-09-21 23:32:53,332 [WARN] DbBoardsPdsc:254 - Board STM32U575I-EV: unknown feature type=joystick, name=, username=4-direction joystick with selection button, n=1
2023-09-21 23:32:53,387 [INFO] DbBoardsJson:86 - JSON generation date=Tue Nov 16 23:17:54 ICT 2021 (1637079474)
2023-09-21 23:32:53,406 [INFO] DbBoards:117 - Found 167 boards (163 are supported by CubeMX)
2023-09-21 23:32:53,409 [INFO] DbBoardsDocs:143 - JSON generation date=Tue Nov 16 23:17:54 ICT 2021 (1637079474)
2023-09-21 23:32:53,416 [INFO] DbBoardsDocs:79 - Found 209 boards documents
2023-09-21 23:32:53,420 [WARN] DbBoards:127 - board B-L475E-IOT01A2 has no document id list !
2023-09-21 23:32:53,421 [WARN] DbBoards:127 - board NUCLEO-H743ZI has no document id list !
2023-09-21 23:32:53,423 [WARN] DbBoards:127 - board NUCLEO-WL55JC2 has no document id list !
2023-09-21 23:32:53,423 [WARN] DbBoards:127 - board P-NUCLEO-WB55-Nucleo has no document id list !
2023-09-21 23:32:53,423 [WARN] DbBoards:127 - board P-NUCLEO-WB55-USBDongle has no document id list !
2023-09-21 23:32:53,423 [WARN] DbBoards:127 - board STEVAL-BFA001V1B has no document id list !
2023-09-21 23:32:53,424 [WARN] DbBoards:127 - board STEVAL-BFA001V2B has no document id list !
2023-09-21 23:32:53,424 [WARN] DbBoards:127 - board STEVAL-IDP005V1 has no document id list !
2023-09-21 23:32:53,424 [WARN] DbBoards:127 - board STEVAL-IDP005V2 has no document id list !
2023-09-21 23:32:53,424 [WARN] DbBoards:127 - board STEVAL-MKSBOX1V1 has no document id list !
2023-09-21 23:32:53,424 [WARN] DbBoards:127 - board STEVAL-STWINKT1 has no document id list !
2023-09-21 23:32:53,424 [WARN] DbBoards:127 - board STEVAL-STWINKT1B has no document id list !
2023-09-21 23:32:53,424 [WARN] DbBoards:127 - board STM32439I-EVAL2 has no document id list !
2023-09-21 23:32:53,424 [WARN] DbBoards:127 - board STM32F401C-DISCO has no document id list !
2023-09-21 23:32:53,425 [WARN] DbBoards:127 - board STM32F769I-DISC1 has no document id list !
2023-09-21 23:32:53,425 [WARN] DbBoards:127 - board STM32G474E-EVAL1 has no document id list !
2023-09-21 23:32:53,426 [WARN] DbBoards:127 - board STM32H743I-EVAL2 has no document id list !
2023-09-21 23:32:53,426 [WARN] DbBoards:127 - board STM32H747I-DISC1 has no document id list !
2023-09-21 23:32:53,426 [WARN] DbBoards:127 - board STM32H753I-EVAL2 has no document id list !
2023-09-21 23:32:53,426 [WARN] DbBoards:127 - board STM32L-DISCOVERY has no document id list !
2023-09-21 23:32:53,599 [ERROR] DbBoards:189 - Image file not found for board B-U585I-IOT02A: D:\Ron\stm321.7.0\STM32CubeIDE_1.7.0\STM32CubeIDE\plugins\com.st.stm32cube.common.mx_6.3.0.202107141111\\db\/plugins/mcufinder/images/boards/B-U585I-IOT02A_small.jpg
2023-09-21 23:32:53,712 [ERROR] DbBoards:189 - Image file not found for board NUCLEO-F413ZH: D:\Ron\stm321.7.0\STM32CubeIDE_1.7.0\STM32CubeIDE\plugins\com.st.stm32cube.common.mx_6.3.0.202107141111\\db\/plugins/mcufinder/images/boards/nucleo-f413zh_small.jpg
2023-09-21 23:32:53,918 [ERROR] DbBoards:189 - Image file not found for board NUCLEO-L552ZE-Q: D:\Ron\stm321.7.0\STM32CubeIDE_1.7.0\STM32CubeIDE\plugins\com.st.stm32cube.common.mx_6.3.0.202107141111\\db\/plugins/mcufinder/images/boards/nucleo_l552ze_q_small.jpg
2023-09-21 23:32:53,918 [ERROR] DbBoards:189 - Image file not found for board NUCLEO-U575ZI-Q: D:\Ron\stm321.7.0\STM32CubeIDE_1.7.0\STM32CubeIDE\plugins\com.st.stm32cube.common.mx_6.3.0.202107141111\\db\/plugins/mcufinder/images/boards/nucleo-u575zi-q_small.jpg
2023-09-21 23:32:53,918 [ERROR] DbBoards:189 - Image file not found for board NUCLEO-WB15CC: D:\Ron\stm321.7.0\STM32CubeIDE_1.7.0\STM32CubeIDE\plugins\com.st.stm32cube.common.mx_6.3.0.202107141111\\db\/plugins/mcufinder/images/boards/nucleo-wb15cc_small.jpg
2023-09-21 23:32:53,918 [ERROR] DbBoards:189 - Image file not found for board NUCLEO-WB55RG: D:\Ron\stm321.7.0\STM32CubeIDE_1.7.0\STM32CubeIDE\plugins\com.st.stm32cube.common.mx_6.3.0.202107141111\\db\/plugins/mcufinder/images/boards/nucleo-wb55rg_small.jpg
2023-09-21 23:32:55,215 [INFO] ApiDb:251 - Load user favorites file C:\Users\Bao Hinh/.stm32cubeide/favorites.boards.txt: 0 item(s)
2023-09-21 23:32:55,216 [INFO] ApiDb:255 - User favorites Boards=[]
2023-09-21 23:32:55,216 [INFO] DbBoards:206 - Set 0 / 0 favorites Boards
2023-09-21 23:32:55,218 [INFO] DbBoardsDocs:79 - Found 418 boards documents
2023-09-21 23:32:55,219 [INFO] ApiDb:276 - Save user favorites file C:\Users\Bao Hinh/.stm32cubeide/favorites.boards.txt: 0 item(s)
2023-09-21 23:32:55,219 [INFO] ApiDb:280 - User favorites Boards=[]
2023-09-21 23:32:55,226 [INFO] DbBoardsPdsc:90 - Found 25 items
2023-09-21 23:32:55,228 [INFO] DbBoardsPdsc:90 - Found 9 items
2023-09-21 23:32:55,231 [INFO] DbBoardsPdsc:90 - Found 33 items
2023-09-21 23:32:55,232 [INFO] DbBoardsPdsc:90 - Found 1 items
2023-09-21 23:32:55,238 [INFO] DbBoardsPdsc:90 - Found 48 items
2023-09-21 23:32:55,245 [INFO] DbBoardsPdsc:90 - Found 43 items
2023-09-21 23:32:55,248 [INFO] DbBoardsPdsc:90 - Found 2 items
2023-09-21 23:32:55,250 [INFO] DbBoardsPdsc:90 - Found 5 items
2023-09-21 23:32:55,253 [WARN] DbBoardsPdsc:254 - Board STM32H7B3I-DK: unknown feature type=Audio, name=, username=Audio stereo codec with Headphone Amp (CS42L51-CNZ), n=1
2023-09-21 23:32:55,253 [WARN] DbBoardsPdsc:254 - Board STM32H735G-DK: unknown feature type=Audio, name=, username=Audio stereo codec with Headphone Amp (WM8994ECS/R), n=1
2023-09-21 23:32:55,255 [WARN] DbBoardsPdsc:254 - Board STM32H7B3I-EVAL: unknown feature type=Audio, name=, username=Multi-Channel Audio Codec (CS42L51-CNZ), n=1
2023-09-21 23:32:55,256 [WARN] DbBoardsPdsc:254 - Board STM32H7B3I-EVAL: unknown feature type=Meter, name=, username=Power-metering and Temperature-monitoring with sigma-delta modulators, n=1
2023-09-21 23:32:55,256 [WARN] DbBoardsPdsc:254 - Board STM32H7B3I-EVAL: unknown feature type=Motor, name=, username=Motor Control, n=1
2023-09-21 23:32:55,257 [WARN] DbBoardsPdsc:254 - Board STM32U575I-EV: unknown feature type=joystick, name=, username=4-direction joystick with selection button, n=1
2023-09-21 23:32:55,277 [INFO] DbBoardsJson:86 - JSON generation date=Tue Nov 16 23:17:54 ICT 2021 (1637079474)
2023-09-21 23:32:55,287 [INFO] DbBoards:117 - Found 167 boards (163 are supported by CubeMX)
2023-09-21 23:32:55,287 [WARN] DbBoards:127 - board B-L475E-IOT01A2 has no document id list !
2023-09-21 23:32:55,289 [WARN] DbBoards:127 - board NUCLEO-H743ZI has no document id list !
2023-09-21 23:32:55,290 [WARN] DbBoards:127 - board NUCLEO-WL55JC2 has no document id list !
2023-09-21 23:32:55,290 [WARN] DbBoards:127 - board P-NUCLEO-WB55-Nucleo has no document id list !
2023-09-21 23:32:55,290 [WARN] DbBoards:127 - board P-NUCLEO-WB55-USBDongle has no document id list !
2023-09-21 23:32:55,290 [WARN] DbBoards:127 - board STEVAL-BFA001V1B has no document id list !
2023-09-21 23:32:55,290 [WARN] DbBoards:127 - board STEVAL-BFA001V2B has no document id list !
2023-09-21 23:32:55,290 [WARN] DbBoards:127 - board STEVAL-IDP005V1 has no document id list !
2023-09-21 23:32:55,290 [WARN] DbBoards:127 - board STEVAL-IDP005V2 has no document id list !
2023-09-21 23:32:55,290 [WARN] DbBoards:127 - board STEVAL-MKSBOX1V1 has no document id list !
2023-09-21 23:32:55,290 [WARN] DbBoards:127 - board STEVAL-STWINKT1 has no document id list !
2023-09-21 23:32:55,290 [WARN] DbBoards:127 - board STEVAL-STWINKT1B has no document id list !
2023-09-21 23:32:55,290 [WARN] DbBoards:127 - board STM32439I-EVAL2 has no document id list !
2023-09-21 23:32:55,290 [WARN] DbBoards:127 - board STM32F401C-DISCO has no document id list !
2023-09-21 23:32:55,291 [WARN] DbBoards:127 - board STM32F769I-DISC1 has no document id list !
2023-09-21 23:32:55,291 [WARN] DbBoards:127 - board STM32G474E-EVAL1 has no document id list !
2023-09-21 23:32:55,291 [WARN] DbBoards:127 - board STM32H743I-EVAL2 has no document id list !
2023-09-21 23:32:55,291 [WARN] DbBoards:127 - board STM32H747I-DISC1 has no document id list !
2023-09-21 23:32:55,291 [WARN] DbBoards:127 - board STM32H753I-EVAL2 has no document id list !
2023-09-21 23:32:55,291 [WARN] DbBoards:127 - board STM32L-DISCOVERY has no document id list !
2023-09-21 23:32:55,371 [ERROR] DbBoards:189 - Image file not found for board B-U585I-IOT02A: D:\Ron\stm321.7.0\STM32CubeIDE_1.7.0\STM32CubeIDE\plugins\com.st.stm32cube.common.mx_6.3.0.202107141111\\db\/plugins/mcufinder/images/boards/B-U585I-IOT02A_small.jpg
2023-09-21 23:32:55,462 [ERROR] DbBoards:189 - Image file not found for board NUCLEO-F413ZH: D:\Ron\stm321.7.0\STM32CubeIDE_1.7.0\STM32CubeIDE\plugins\com.st.stm32cube.common.mx_6.3.0.202107141111\\db\/plugins/mcufinder/images/boards/nucleo-f413zh_small.jpg
2023-09-21 23:32:55,678 [ERROR] DbBoards:189 - Image file not found for board NUCLEO-L552ZE-Q: D:\Ron\stm321.7.0\STM32CubeIDE_1.7.0\STM32CubeIDE\plugins\com.st.stm32cube.common.mx_6.3.0.202107141111\\db\/plugins/mcufinder/images/boards/nucleo_l552ze_q_small.jpg
2023-09-21 23:32:55,678 [ERROR] DbBoards:189 - Image file not found for board NUCLEO-U575ZI-Q: D:\Ron\stm321.7.0\STM32CubeIDE_1.7.0\STM32CubeIDE\plugins\com.st.stm32cube.common.mx_6.3.0.202107141111\\db\/plugins/mcufinder/images/boards/nucleo-u575zi-q_small.jpg
2023-09-21 23:32:55,678 [ERROR] DbBoards:189 - Image file not found for board NUCLEO-WB15CC: D:\Ron\stm321.7.0\STM32CubeIDE_1.7.0\STM32CubeIDE\plugins\com.st.stm32cube.common.mx_6.3.0.202107141111\\db\/plugins/mcufinder/images/boards/nucleo-wb15cc_small.jpg
2023-09-21 23:32:55,678 [ERROR] DbBoards:189 - Image file not found for board NUCLEO-WB55RG: D:\Ron\stm321.7.0\STM32CubeIDE_1.7.0\STM32CubeIDE\plugins\com.st.stm32cube.common.mx_6.3.0.202107141111\\db\/plugins/mcufinder/images/boards/nucleo-wb55rg_small.jpg
2023-09-21 23:32:56,464 [INFO] ApiDb:251 - Load user favorites file C:\Users\Bao Hinh/.stm32cubeide/favorites.boards.txt: 0 item(s)
2023-09-21 23:32:56,464 [INFO] ApiDb:255 - User favorites Boards=[]
2023-09-21 23:32:56,465 [INFO] DbBoards:206 - Set 0 / 0 favorites Boards
2023-09-21 23:32:56,478 [INFO] LoadUrlFilesThread:172 - End of LoadServerUrlFiles without Thread
2023-09-21 23:32:56,478 [INFO] TargetSelectorAdapter:224 - Refresh data is successful
2023-09-21 23:32:56,594 [INFO] ApiDb:479 - Connected to CubeFinder SQLite database (C:\Users\Bao Hinh\.stmcufinder\plugins\mcufinder\mcu\cube-finder-db.db)
2023-09-21 23:32:57,524 [INFO] DbExamplesSqlite:411 - Ignored 27 examples not supported by CubeIDE
2023-09-21 23:32:57,525 [INFO] DbExamplesSqlite:412 - Found 7231 examples active
2023-09-21 23:32:57,525 [INFO] DbExamplesSqlite:413 - Found 677 examples obsolete
2023-09-21 23:32:57,525 [INFO] DbExamplesSqlite:414 - Found 0 examples under development
2023-09-21 23:32:57,525 [INFO] DbExamplesSqlite:415 - Found 74 examples not building
2023-09-21 23:32:57,584 [INFO] DbExamplesSqlite:108 - CubeFinder database Data Model version=2.1
2023-09-21 23:32:57,584 [INFO] DbExamplesSqlite:109 - CubeFinder database Configuration version=3.0.37
2023-09-21 23:32:57,584 [INFO] DbExamplesSqlite:110 - CubeFinder database generation date=2023-08-09 (1691586011)
2023-09-21 23:32:57,584 [INFO] DbExamplesSqlite:111 - CubeFinder database FW Pack versions=[FP-ATR-ASTRA1_V2.0.0, FP-SNS-FLIGHT1_V5.0.1, FP-SNS-FLIGHT1_V5.0.2, FP-SNS-MOTENV1_V4.3.1, FP-SNS-MOTENV1_V4.3.2, STM32Cube_FW_C0_V1.1.0, STM32Cube_FW_F4_V1.27.1, STM32Cube_FW_F7_V1.17.0, STM32Cube_FW_G0_V1.6.1, STM32Cube_FW_G4_V1.5.1, STM32Cube_FW_H5_V0.5.1, STM32Cube_FW_H5_V1.1.0, STM32Cube_FW_H7_V1.11.0, STM32Cube_FW_L0_V1.12.2, STM32Cube_FW_L5_V1.5.0, STM32Cube_FW_U5_V1.3.0, STM32Cube_FW_U5_V1.3.0RC4, STM32Cube_FW_WBA_V1.0.0RC1, STM32Cube_FW_WBA_V1.1.0, STM32Cube_FW_WBA_V1.1.0RC1, STM32Cube_FW_WB_V1.15.0RC1, STM32Cube_FW_WB_V1.16.0, STM32Cube_FW_WB_V1.16.0RC2, STM32Cube_FW_WB_V1.17.0, STM32Cube_FW_WL_V1.3.0, X-CUBE-ALGOBUILD_V1.3.0, X-CUBE-ALS_V1.0.1, X-CUBE-AZRTOS-F4_V1.1.0, X-CUBE-AZRTOS-F7_V1.1.0, X-CUBE-AZRTOS-G0_V1.1.0, X-CUBE-AZRTOS-G4_V2.0.0, X-CUBE-AZRTOS-H7_V3.1.0, X-CUBE-AZRTOS-L4_V1.0.0, X-CUBE-AZRTOS-L4_V2.0.0, X-CUBE-AZRTOS-L5_V1.1.0, X-CUBE-AZRTOS-WB_V1.1.0, X-CUBE-AZRTOS-WL_V2.0.0, X-CUBE-BLE1_V7.0.0, X-CUBE-BLE2_V3.3.0, X-CUBE-BLEMGR_V2.0.0, X-CUBE-EEPRMA1_V4.1.0, X-CUBE-FREERTOS_V1.1.0, X-CUBE-GNSS1_V6.0.0, X-CUBE-MEMS1_V9.1.0, X-CUBE-MEMS1_V9.4.0, X-CUBE-MEMS1_V9.6.0, X-CUBE-NFC4_V3.0.0, X-CUBE-NFC7_V1.0.0, X-CUBE-SFXS2LP1_V4.0.0, X-CUBE-SUBG2_V5.0.0, X-CUBE-TOF1_V3.3.1]
2023-09-21 23:32:57,585 [INFO] DbExamples:130 - Found 7278 examples
2023-09-21 23:32:58,456 [ERROR] DbExamples:206 - Found 7278 examples with invalid data (board or MCU)
2023-09-21 23:32:58,456 [INFO] DbExamples:222 - Found 79 boards with related examples
2023-09-21 23:32:58,457 [INFO] DbExamples:235 - Found 0 MCUs with related examples
2023-09-21 23:32:58,485 [INFO] ApiDb:242 - User favorites file not found: C:\Users\Bao Hinh/.stm32cubeide/favorites.examples.txt
2023-09-21 23:32:58,485 [INFO] DbExamples:256 - Set 0 / 0 favorites Examples
2023-09-21 23:32:58,752 [INFO] McuFinderGlobals:52 - Set McuFinderConnectedMode to false
2023-09-21 23:32:58,922 [INFO] CrossSelectorPresenter:1330 - Cross Selector saved comparison directory: C:\Users\Bao Hinh\.stmcufinder\plugins\mcufinder\mcu\cs_comparisons_mx
2023-09-21 23:32:58,932 [INFO] MultiScanPanel:197 - Auto-refresh data requested => check proxy status ongoing
2023-09-21 23:32:58,932 [INFO] MultiScanPanel:201 - Proxy status is invalid
2023-09-21 23:32:58,936 [INFO] FinderPluginLoader:87 - Searching for filters in installed packs
2023-09-21 23:32:59,525 [INFO] DetailPanel:309 - Set advertising image to C:/Users/Bao Hinh/STM32Cube/Repository/\en.prom-stm32h5-mcu-finder.jpg
2023-09-21 23:34:06,705 [INFO] MainUpdater:2671 - connection check result : 10
2023-09-21 23:34:06,706 [INFO] MainUpdater:2671 - connection check result : 10
2023-09-21 23:34:06,783 [INFO] MicroXplorer:448 - Change Database Path : 
2023-09-21 23:34:06,784 [INFO] MicroXplorer:478 - Change Database Version : DB.6.0.30
2023-09-21 23:34:06,784 [WARN] ThirdParty:813 - waiting for thirdparty lock release [close project]
2023-09-21 23:34:06,784 [INFO] ThirdParty:815 - entering critical section [close project]
2023-09-21 23:34:06,785 [INFO] ThirdParty:825 - exiting critical section [close project]
2023-09-21 23:34:06,792 [INFO] PinOutPanel:1463 - setPackage(No Configuration,No Configuration)
2023-09-21 23:34:06,794 [INFO] UtilMem:74 - Begin LoadConfig() Used Memory: 813682256 Bytes (874512384)
2023-09-21 23:34:06,796 [INFO] MicroXplorer:448 - Change Database Path : 
2023-09-21 23:34:06,797 [INFO] MicroXplorer:478 - Change Database Version : DB.6.0.30
2023-09-21 23:34:06,797 [INFO] OpenFileManager:313 - Change cursor
2023-09-21 23:34:08,102 [INFO] Context:592 - Trying to add GPIOservice into a context  which must be forbidden
2023-09-21 23:34:08,466 [INFO] ImportTextPane:167 - (OptionalMessage_ERROR) Unable to find key (Mcu.ThirdPartyNb) in loaded IOC file
2023-09-21 23:34:08,467 [INFO] ImportTextPane:167 - (OptionalMessage_ERROR) Unable to find key (Mcu.PinsNb) in loaded IOC file
2023-09-21 23:34:08,467 [INFO] ImportTextPane:167 - (OptionalMessage_ERROR) Unable to find key (Mcu.IPNb) in loaded IOC file
2023-09-21 23:34:08,540 [WARN] ApiManager:304 - Cannot register API 'Board Extension:GNSS1A1' from pack STMicroelectronics.X-CUBE-GNSS1.6.0.0: no header file found
2023-09-21 23:34:08,540 [WARN] ApiManager:304 - Cannot register API 'Board Support:Custom' from pack STMicroelectronics.X-CUBE-GNSS1.6.0.0: no header file found
2023-09-21 23:34:08,540 [WARN] ApiManager:304 - Cannot register API 'Data Exchange:lib_gnss' from pack STMicroelectronics.X-CUBE-GNSS1.6.0.0: no header file found
2023-09-21 23:34:08,545 [WARN] ApiManager:304 - Cannot register API 'Wireless:BlueNRG-MS' from pack STMicroelectronics.X-CUBE-BLE1.7.0.0: no header file found
2023-09-21 23:34:08,549 [WARN] ModelIntegratedComponent:60 - No mode defined for component null
2023-09-21 23:34:08,550 [WARN] ModelIntegratedComponent:60 - No mode defined for component null
2023-09-21 23:34:08,550 [WARN] ModelIntegratedComponent:60 - No mode defined for component null
2023-09-21 23:34:08,550 [WARN] ModelIntegratedComponent:60 - No mode defined for component null
2023-09-21 23:34:08,550 [WARN] ModelIntegratedComponent:60 - No mode defined for component null
2023-09-21 23:34:08,550 [WARN] ModelIntegratedComponent:60 - No mode defined for component null
2023-09-21 23:34:08,550 [WARN] ModelIntegratedComponent:60 - No mode defined for component null
2023-09-21 23:34:08,551 [WARN] ModelIntegratedComponent:60 - No mode defined for component null
2023-09-21 23:34:08,551 [WARN] ModelIntegratedComponent:60 - No mode defined for component null
2023-09-21 23:34:08,551 [WARN] ModelIntegratedComponent:60 - No mode defined for component null
2023-09-21 23:34:08,551 [WARN] ModelIntegratedComponent:60 - No mode defined for component null
2023-09-21 23:34:08,551 [WARN] ModelIntegratedComponent:60 - No mode defined for component null
2023-09-21 23:34:08,551 [WARN] ModelIntegratedComponent:60 - No mode defined for component null
2023-09-21 23:34:08,551 [WARN] ModelIntegratedComponent:60 - No mode defined for component null
2023-09-21 23:34:08,551 [WARN] ModelIntegratedComponent:60 - No mode defined for component null
2023-09-21 23:34:08,551 [WARN] ModelIntegratedComponent:60 - No mode defined for component null
2023-09-21 23:34:08,551 [WARN] ModelIntegratedComponent:60 - No mode defined for component null
2023-09-21 23:34:08,551 [WARN] ModelIntegratedComponent:60 - No mode defined for component null
2023-09-21 23:34:08,551 [WARN] ModelIntegratedComponent:60 - No mode defined for component null
2023-09-21 23:34:08,551 [WARN] ModelIntegratedComponent:60 - No mode defined for component null
2023-09-21 23:34:08,551 [WARN] ModelIntegratedComponent:60 - No mode defined for component null
2023-09-21 23:34:08,551 [WARN] ModelIntegratedComponent:60 - No mode defined for component null
2023-09-21 23:34:08,552 [WARN] ModelIntegratedComponent:60 - No mode defined for component null
2023-09-21 23:34:08,552 [WARN] ModelIntegratedComponent:60 - No mode defined for component null
2023-09-21 23:34:08,552 [WARN] ModelIntegratedComponent:60 - No mode defined for component null
2023-09-21 23:34:08,552 [WARN] ModelIntegratedComponent:60 - No mode defined for component null
2023-09-21 23:34:08,552 [WARN] ModelIntegratedComponent:60 - No mode defined for component null
2023-09-21 23:34:08,552 [WARN] ModelIntegratedComponent:60 - No mode defined for component null
2023-09-21 23:34:08,552 [WARN] ModelIntegratedComponent:60 - No mode defined for component null
2023-09-21 23:34:08,552 [WARN] ModelIntegratedComponent:60 - No mode defined for component null
2023-09-21 23:34:08,552 [WARN] ModelIntegratedComponent:60 - No mode defined for component null
2023-09-21 23:34:08,557 [WARN] ApiManager:304 - Cannot register API 'Board Extension:NFC07A1' from pack STMicroelectronics.X-CUBE-NFC7.1.0.1: no header file found
2023-09-21 23:34:08,562 [WARN] ApiManager:304 - Cannot register API 'Board Extension:NFC06A1' from pack STMicroelectronics.X-CUBE-NFC6.3.0.0: no header file found
2023-09-21 23:34:08,563 [WARN] ApiManager:304 - Cannot register API 'Board Extension:NFC08A1' from pack STMicroelectronics.X-CUBE-NFC6.3.0.0: no header file found
2023-09-21 23:34:08,566 [WARN] ApiManager:304 - Cannot register API 'Board Extension:EEPRMA1' from pack STMicroelectronics.X-CUBE-EEPRMA1.4.1.0: no header file found
2023-09-21 23:34:08,566 [WARN] ApiManager:304 - Cannot register API 'Board Extension:EEPRMA2' from pack STMicroelectronics.X-CUBE-EEPRMA1.4.1.0: no header file found
2023-09-21 23:34:08,567 [WARN] ApiManager:304 - Cannot register API 'Board Extension:PGEEZ1' from pack STMicroelectronics.X-CUBE-EEPRMA1.4.1.0: no header file found
2023-09-21 23:34:08,567 [WARN] ApiManager:304 - Cannot register API 'Board Part:M24' from pack STMicroelectronics.X-CUBE-EEPRMA1.4.1.0: no header file found
2023-09-21 23:34:08,567 [WARN] ApiManager:304 - Cannot register API 'Board Part:M95' from pack STMicroelectronics.X-CUBE-EEPRMA1.4.1.0: no header file found
2023-09-21 23:34:08,567 [WARN] ApiManager:304 - Cannot register API 'Board Part:M95P32' from pack STMicroelectronics.X-CUBE-EEPRMA1.4.1.0: no header file found
2023-09-21 23:34:08,567 [WARN] ApiManager:304 - Cannot register API 'PGEEZ1:SPI' from pack STMicroelectronics.X-CUBE-EEPRMA1.4.1.0: no header file found
2023-09-21 23:34:08,567 [WARN] ApiManager:304 - Cannot register API 'PGEEZ1:QDSPI' from pack STMicroelectronics.X-CUBE-EEPRMA1.4.1.0: no header file found
2023-09-21 23:34:08,857 [WARN] ApiManager:304 - Cannot register API 'Board Extension:IKS01A3' from pack STMicroelectronics.X-CUBE-MEMS1.9.6.0: no header file found
2023-09-21 23:34:08,857 [WARN] ApiManager:304 - Cannot register API 'Board Extension:IKS01A2' from pack STMicroelectronics.X-CUBE-MEMS1.9.6.0: no header file found
2023-09-21 23:34:08,857 [WARN] ApiManager:304 - Cannot register API 'Board Extension:IKS02A1' from pack STMicroelectronics.X-CUBE-MEMS1.9.6.0: no header file found
2023-09-21 23:34:08,876 [INFO] RtosManager:484 - Registered RTOS mode: class=CMSIS, group=RTOS, mode=CMSIS_V1, owner=FREERTOS
2023-09-21 23:34:08,876 [INFO] RtosManager:484 - Registered RTOS mode: class=CMSIS, group=RTOS2, mode=CMSIS_V2, owner=FREERTOS
2023-09-21 23:34:08,876 [INFO] RtosManager:484 - Registered RTOS mode: class=RTOS, group=Core, mode=CMSIS_V1, owner=FREERTOS
2023-09-21 23:34:08,876 [INFO] RtosManager:484 - Registered RTOS mode: class=RTOS, group=Core, mode=CMSIS_V2, owner=FREERTOS
2023-09-21 23:34:08,876 [WARN] ModelIntegratedComponent:181 - Missing modes for component STMicroelectronics:FreeRTOS:0.0.1:STMicroelectronics:RTOS:FreeRTOS:Core:::10.2.0:
2023-09-21 23:34:08,880 [WARN] ApiManager:304 - Cannot register API 'Board Extension:NFC04A1' from pack STMicroelectronics.X-CUBE-NFC4.3.0.0: no header file found
2023-09-21 23:34:08,888 [WARN] ApiManager:304 - Cannot register API 'Board Extension:S2868A1' from pack STMicroelectronics.X-CUBE-SUBG2.5.0.0: no header file found
2023-09-21 23:34:08,889 [WARN] ApiManager:304 - Cannot register API 'Board Extension:S2868A2' from pack STMicroelectronics.X-CUBE-SUBG2.5.0.0: no header file found
2023-09-21 23:34:08,889 [WARN] ApiManager:304 - Cannot register API 'Board Extension:S2915A1' from pack STMicroelectronics.X-CUBE-SUBG2.5.0.0: no header file found
2023-09-21 23:34:08,893 [WARN] ApiManager:304 - Cannot register API 'Board Extension:S2868A1' from pack STMicroelectronics.X-CUBE-SFXS2LP1.4.0.0: no header file found
2023-09-21 23:34:08,893 [WARN] ApiManager:304 - Cannot register API 'Board Extension:S2868A2' from pack STMicroelectronics.X-CUBE-SFXS2LP1.4.0.0: no header file found
2023-09-21 23:34:08,893 [WARN] ApiManager:304 - Cannot register API 'Board Extension:S2915A1' from pack STMicroelectronics.X-CUBE-SFXS2LP1.4.0.0: no header file found
2023-09-21 23:34:08,894 [WARN] ApiManager:304 - Cannot register API 'Wireless:BlueNRG-2' from pack STMicroelectronics.X-CUBE-BLE2.3.3.0: no header file found
2023-09-21 23:34:10,904 [INFO] UtilMem:74 - End LoadConfig() Used Memory: 732912400 Bytes (894435328)
2023-09-21 23:34:10,906 [WARN] ThirdParty:779 - waiting for thirdparty lock release [change project]
2023-09-21 23:34:10,906 [INFO] ThirdParty:781 - entering critical section [change project]
2023-09-21 23:34:10,906 [INFO] ThirdParty:967 - CMSIS Pack Vendor :STMicroelectronics X-CUBE-ISPU 1.1.0
2023-09-21 23:34:10,906 [INFO] ThirdParty:967 - CMSIS Pack Vendor :STMicroelectronics X-CUBE-GNSS1 6.0.0
2023-09-21 23:34:10,907 [INFO] ThirdParty:967 - CMSIS Pack Vendor :STMicroelectronics USB_HOST 2.0.0
2023-09-21 23:34:10,907 [INFO] ThirdParty:967 - CMSIS Pack Vendor :STMicroelectronics X-CUBE-AZRTOS-F4 1.1.0
2023-09-21 23:34:10,907 [INFO] ThirdParty:967 - CMSIS Pack Vendor :STMicroelectronics X-CUBE-BLE1 7.0.0
2023-09-21 23:34:10,907 [INFO] ThirdParty:967 - CMSIS Pack Vendor :STMicroelectronics FP-ATR-SIGFOX1 3.2.0
2023-09-21 23:34:10,907 [INFO] ThirdParty:967 - CMSIS Pack Vendor :wolfSSL I-CUBE-wolfSSL 5.6.3
2023-09-21 23:34:10,907 [INFO] ThirdParty:967 - CMSIS Pack Vendor :STMicroelectronics USB_DEVICE 3.0.0
2023-09-21 23:34:10,907 [INFO] ThirdParty:967 - CMSIS Pack Vendor :STMicroelectronics HAL Drivers 0.0.0
2023-09-21 23:34:10,907 [INFO] ThirdParty:967 - CMSIS Pack Vendor :STMicroelectronics MBEDTLS 2.16.2
2023-09-21 23:34:10,907 [INFO] ThirdParty:967 - CMSIS Pack Vendor :STMicroelectronics X-CUBE-AZRTOS-WB 2.0.0
2023-09-21 23:34:10,907 [INFO] ThirdParty:967 - CMSIS Pack Vendor :STMicroelectronics X-CUBE-TOUCHGFX 4.22.0
2023-09-21 23:34:10,907 [INFO] ThirdParty:967 - CMSIS Pack Vendor :STMicroelectronics X-CUBE-NFC7 1.0.1
2023-09-21 23:34:10,907 [INFO] ThirdParty:967 - CMSIS Pack Vendor :STMicroelectronics MBEDTLS 2.14.1
2023-09-21 23:34:10,907 [INFO] ThirdParty:967 - CMSIS Pack Vendor :STMicroelectronics X-CUBE-AZRTOS-F7 1.1.0
2023-09-21 23:34:10,907 [INFO] ThirdParty:967 - CMSIS Pack Vendor :STMicroelectronics X-CUBE-AZRTOS-L5 2.0.0
2023-09-21 23:34:10,907 [INFO] ThirdParty:967 - CMSIS Pack Vendor :STMicroelectronics X-CUBE-NFC6 3.0.0
2023-09-21 23:34:10,907 [INFO] ThirdParty:967 - CMSIS Pack Vendor :STMicroelectronics X-CUBE-EEPRMA1 4.1.0
2023-09-21 23:34:10,907 [INFO] ThirdParty:967 - CMSIS Pack Vendor :portGmbH I-Cube-SoM-uGOAL 1.1.0
2023-09-21 23:34:10,907 [INFO] ThirdParty:967 - CMSIS Pack Vendor :STMicroelectronics X-CUBE-ALS 1.0.1
2023-09-21 23:34:10,907 [INFO] ThirdParty:967 - CMSIS Pack Vendor :STMicroelectronics USB_DEVICE 2.0.0
2023-09-21 23:34:10,907 [INFO] ThirdParty:967 - CMSIS Pack Vendor :STMicroelectronics X-CUBE-MEMS1 9.6.0
2023-09-21 23:34:10,907 [INFO] ThirdParty:967 - CMSIS Pack Vendor :STMicroelectronics X-CUBE-AZRTOS-WL 2.0.0
2023-09-21 23:34:10,908 [INFO] ThirdParty:967 - CMSIS Pack Vendor :STMicroelectronics X-CUBE-ALGOBUILD 1.3.0
2023-09-21 23:34:10,908 [INFO] ThirdParty:967 - CMSIS Pack Vendor :SEGGER I-CUBE-embOS 1.3.1
2023-09-21 23:34:10,908 [INFO] ThirdParty:967 - CMSIS Pack Vendor :STMicroelectronics FreeRTOS 0.0.1
2023-09-21 23:34:10,908 [INFO] ThirdParty:967 - CMSIS Pack Vendor :STMicroelectronics X-CUBE-AZRTOS-G0 1.1.0
2023-09-21 23:34:10,908 [INFO] ThirdParty:967 - CMSIS Pack Vendor :STMicroelectronics USB_DEVICE 1.0.0
2023-09-21 23:34:10,908 [INFO] ThirdParty:967 - CMSIS Pack Vendor :STMicroelectronics X-CUBE-BLEMGR 2.0.0
2023-09-21 23:34:10,908 [INFO] ThirdParty:967 - CMSIS Pack Vendor :STMicroelectronics X-CUBE-AI 8.1.0
2023-09-21 23:34:10,908 [INFO] ThirdParty:967 - CMSIS Pack Vendor :STMicroelectronics X-CUBE-NFC4 3.0.0
2023-09-21 23:34:10,908 [INFO] ThirdParty:967 - CMSIS Pack Vendor :STMicroelectronics X-CUBE-SUBG2 5.0.0
2023-09-21 23:34:10,908 [INFO] ThirdParty:967 - CMSIS Pack Vendor :STMicroelectronics X-CUBE-AZRTOS-L4 2.0.0
2023-09-21 23:34:10,908 [INFO] ThirdParty:967 - CMSIS Pack Vendor :STMicroelectronics ThreadX 0.0.2
2023-09-21 23:34:10,908 [INFO] ThirdParty:967 - CMSIS Pack Vendor :WES I-CUBE-Cesium 1.3.0
2023-09-21 23:34:10,908 [INFO] ThirdParty:967 - CMSIS Pack Vendor :STMicroelectronics FP-ATR-ASTRA1 2.0.0
2023-09-21 23:34:10,908 [INFO] ThirdParty:967 - CMSIS Pack Vendor :STMicroelectronics lwIP 2.0.3
2023-09-21 23:34:10,908 [INFO] ThirdParty:967 - CMSIS Pack Vendor :STMicroelectronics lwIP 2.1.2
2023-09-21 23:34:10,908 [INFO] ThirdParty:967 - CMSIS Pack Vendor :STMicroelectronics X-CUBE-SFXS2LP1 4.0.0
2023-09-21 23:34:10,908 [INFO] ThirdParty:967 - CMSIS Pack Vendor :STMicroelectronics X-CUBE-BLE2 3.3.0
2023-09-21 23:34:10,909 [INFO] ThirdParty:967 - CMSIS Pack Vendor :STMicroelectronics USB_HOST 1.0.0
2023-09-21 23:34:10,909 [INFO] ThirdParty:967 - CMSIS Pack Vendor :STMicroelectronics X-CUBE-AZRTOS-G4 2.0.0
2023-09-21 23:34:10,909 [INFO] ThirdParty:967 - CMSIS Pack Vendor :STMicroelectronics PDM2PCM 3.1.0
2023-09-21 23:34:10,909 [INFO] ThirdParty:967 - CMSIS Pack Vendor :STMicroelectronics X-CUBE-AZRTOS-H7 3.1.0
2023-09-21 23:34:10,909 [INFO] ThirdParty:967 - CMSIS Pack Vendor :STMicroelectronics PDM2PCM 3.2.0
2023-09-21 23:34:10,909 [INFO] ThirdParty:967 - CMSIS Pack Vendor :STMicroelectronics PDM2PCM 3.3.0
2023-09-21 23:34:10,909 [INFO] ThirdParty:787 - exiting critical section [change project]
2023-09-21 23:34:11,185 [INFO] PinOutPanel:1463 - setPackage(No Configuration,No Configuration)
2023-09-21 23:34:11,187 [INFO] PinOutPanel:1463 - setPackage(STM32F103C6Ux,UFQFPN48)
2023-09-21 23:34:11,667 [INFO] UtilMem:74 - Before build in PCC Used Memory: 715389144 Bytes (894435328)
2023-09-21 23:34:12,355 [INFO] UtilMem:74 - After build in PCC Used Memory: 681136064 Bytes (894435328)
2023-09-21 23:34:12,384 [INFO] IPUIPlugin:74 - create IPUIPlugin
2023-09-21 23:34:12,384 [INFO] IPUIPlugin:74 - create IPUIPlugin
2023-09-21 23:34:12,384 [INFO] IPUIPlugin:74 - create IPUIPlugin
2023-09-21 23:34:12,385 [INFO] IPUIPlugin:74 - create IPUIPlugin
2023-09-21 23:34:12,385 [INFO] IPUIPlugin:74 - create IPUIPlugin
2023-09-21 23:34:12,385 [INFO] IPUIPlugin:74 - create IPUIPlugin
2023-09-21 23:34:12,386 [INFO] IPUIPlugin:74 - create IPUIPlugin
2023-09-21 23:34:12,387 [INFO] IPUIPlugin:74 - create IPUIPlugin
2023-09-21 23:34:12,387 [INFO] IPUIPlugin:74 - create IPUIPlugin
2023-09-21 23:34:12,387 [INFO] IPUIPlugin:74 - create IPUIPlugin
2023-09-21 23:34:12,388 [INFO] IPUIPlugin:74 - create IPUIPlugin
2023-09-21 23:34:12,388 [INFO] IPUIPlugin:74 - create IPUIPlugin
2023-09-21 23:34:12,388 [INFO] IPUIPlugin:74 - create IPUIPlugin
2023-09-21 23:34:12,389 [INFO] IPUIPlugin:74 - create IPUIPlugin
2023-09-21 23:34:12,389 [INFO] IPUIPlugin:74 - create IPUIPlugin
2023-09-21 23:34:12,389 [INFO] IPUIPlugin:74 - create IPUIPlugin
2023-09-21 23:34:12,389 [INFO] IPUIPlugin:74 - create IPUIPlugin
2023-09-21 23:34:12,390 [INFO] IPUIPlugin:74 - create IPUIPlugin
2023-09-21 23:34:12,390 [INFO] IPUIPlugin:74 - create IPUIPlugin
2023-09-21 23:34:12,390 [INFO] IPUIPlugin:74 - create IPUIPlugin
2023-09-21 23:34:12,391 [INFO] IPUIPlugin:74 - create IPUIPlugin
2023-09-21 23:34:12,391 [INFO] IPUIPlugin:74 - create IPUIPlugin
2023-09-21 23:34:12,393 [INFO] IPUIPlugin:74 - create IPUIPlugin
2023-09-21 23:34:12,526 [INFO] OpenFileManager:333 - Restore cursor
2023-09-21 23:34:12,851 [INFO] UtilMem:74 - End SaveConfig() Used Memory: 744160112 Bytes (894435328)
2023-09-21 23:34:12,909 [INFO] UtilMem:74 - End SaveConfig() Used Memory: 758204352 Bytes (894435328)
2023-09-21 23:34:13,289 [INFO] BlockDiagram:2740 - set Specific Code input for plugin: NVIC
2023-09-21 23:34:13,289 [INFO] BlockDiagram:2740 - set Specific Code input for plugin: SYS
2023-09-21 23:34:13,289 [INFO] BlockDiagram:2740 - set Specific Code input for plugin: RCC
2023-09-21 23:34:13,290 [INFO] CodeGenerator:663 - code generatio: config db path: D:\Ron\stm321.7.0\STM32CubeIDE_1.7.0\STM32CubeIDE\plugins\com.st.stm32cube.common.mx_6.3.0.202107141111\\db\
2023-09-21 23:34:13,783 [INFO] CodeEngine:239 - oldGeneratedFile, D:\Ron\tools\STM32 workspace\ex1\MXTmpFiles\license.tmp_save
2023-09-21 23:34:14,157 [INFO] CodeEngine:257 - Generated code: D:\Ron\tools\STM32 workspace\ex1\MXTmpFiles\license.tmp
2023-09-21 23:34:14,357 [INFO] CodeEngine:239 - oldGeneratedFile, D:\Ron\tools\STM32 workspace\ex1\Core\Src\stm32f1xx_it.c_save
2023-09-21 23:34:14,497 [INFO] CodeEngine:257 - Generated code: D:\Ron\tools\STM32 workspace\ex1\Core\Src\stm32f1xx_it.c
2023-09-21 23:34:14,501 [INFO] CodeEngine:239 - oldGeneratedFile, D:\Ron\tools\STM32 workspace\ex1\Core\Inc\stm32f1xx_it.h_save
2023-09-21 23:34:14,560 [INFO] CodeEngine:257 - Generated code: D:\Ron\tools\STM32 workspace\ex1\Core\Inc\stm32f1xx_it.h
2023-09-21 23:34:14,569 [INFO] CodeEngine:239 - oldGeneratedFile, D:\Ron\tools\STM32 workspace\ex1\Core\Src\stm32f1xx_hal_msp.c_save
2023-09-21 23:34:14,708 [INFO] CodeEngine:257 - Generated code: D:\Ron\tools\STM32 workspace\ex1\Core\Src\stm32f1xx_hal_msp.c
2023-09-21 23:34:14,710 [INFO] CodeEngine:239 - oldGeneratedFile, D:\Ron\tools\STM32 workspace\ex1\MXTmpFiles\system.tmp_save
2023-09-21 23:34:14,765 [INFO] CodeEngine:257 - Generated code: D:\Ron\tools\STM32 workspace\ex1\MXTmpFiles\system.tmp
2023-09-21 23:34:14,771 [INFO] CodeEngine:239 - oldGeneratedFile, D:\Ron\tools\STM32 workspace\ex1\Core\Inc\stm32f1xx_hal_conf.h_save
2023-09-21 23:34:14,835 [INFO] CodeEngine:257 - Generated code: D:\Ron\tools\STM32 workspace\ex1\Core\Inc\stm32f1xx_hal_conf.h
2023-09-21 23:34:14,868 [INFO] CodeEngine:239 - oldGeneratedFile, D:\Ron\tools\STM32 workspace\ex1\Core\Inc\main.h_save
2023-09-21 23:34:14,937 [INFO] CodeEngine:257 - Generated code: D:\Ron\tools\STM32 workspace\ex1\Core\Inc\main.h
2023-09-21 23:34:14,940 [INFO] CodeEngine:239 - oldGeneratedFile, D:\Ron\tools\STM32 workspace\ex1\Core\Src\main.c_save
2023-09-21 23:34:15,059 [INFO] CodeEngine:257 - Generated code: D:\Ron\tools\STM32 workspace\ex1\Core\Src\main.c
2023-09-21 23:34:16,122 [INFO] ProjectBuilder:2578 - Time for Copy HAL[1] : 61mS.
2023-09-21 23:34:16,127 [INFO] ProjectBuilder:3622 - Project Generator version: 3.14.1
2023-09-21 23:34:16,744 [INFO] ConfigFileManager:1271 - The Die is : DIE412
2023-09-21 23:34:16,765 [INFO] ApiDbMcu:468 - Load IP Config File for FATFS
2023-09-21 23:34:16,792 [INFO] ApiDbMcu:468 - Load IP Config File for FREERTOS
2023-09-21 23:34:16,814 [INFO] ApiDbMcu:468 - Load IP Config File for USB_DEVICE
2023-09-21 23:34:21,159 [INFO] ProjectBuilder:3789 - Time for Generating toolchain IDE Files: 5032mS.
2023-09-21 23:34:21,160 [INFO] ProjectBuilder:2457 - Time for Copy CMSIS : 0mS.
2023-09-21 23:34:21,161 [INFO] ProjectBuilder:2457 - Time for Copy CMSIS : 0mS.
2023-09-21 23:34:21,410 [INFO] McuFinderGlobals:52 - Set McuFinderConnectedMode to true
2023-09-21 23:34:21,412 [INFO] ApiDb:276 - Save user favorites file C:\Users\Bao Hinh/.stm32cubeide/favorites.mcus.txt: 0 item(s)
2023-09-21 23:34:21,412 [INFO] ApiDb:280 - User favorites MCUs=[]
2023-09-21 23:36:47,882 [INFO] UtilMem:74 - End SaveConfig() Used Memory: 824882744 Bytes (1064304640)
2023-09-21 23:36:50,768 [INFO] UtilMem:74 - End SaveConfig() Used Memory: 846414424 Bytes (1064304640)
2023-09-21 23:36:54,703 [INFO] UtilMem:74 - End SaveConfig() Used Memory: 687465736 Bytes (1064304640)
2023-09-21 23:36:55,062 [INFO] BlockDiagram:2740 - set Specific Code input for plugin: NVIC
2023-09-21 23:36:55,062 [INFO] BlockDiagram:2740 - set Specific Code input for plugin: SYS
2023-09-21 23:36:55,062 [INFO] BlockDiagram:2740 - set Specific Code input for plugin: GPIO
2023-09-21 23:36:55,063 [INFO] BlockDiagram:2740 - set Specific Code input for plugin: RCC
2023-09-21 23:36:55,064 [INFO] CodeGenerator:663 - code generatio: config db path: D:\Ron\stm321.7.0\STM32CubeIDE_1.7.0\STM32CubeIDE\plugins\com.st.stm32cube.common.mx_6.3.0.202107141111\\db\
2023-09-21 23:36:55,316 [INFO] CodeEngine:239 - oldGeneratedFile, D:\Ron\tools\STM32 workspace\ex1\MXTmpFiles\license.tmp_save
2023-09-21 23:36:55,363 [INFO] CodeEngine:257 - Generated code: D:\Ron\tools\STM32 workspace\ex1\MXTmpFiles\license.tmp
2023-09-21 23:36:55,392 [INFO] CodeEngine:239 - oldGeneratedFile, D:\Ron\tools\STM32 workspace\ex1\MXTmpFiles\gpio.tmp_save
2023-09-21 23:36:55,517 [INFO] CodeEngine:257 - Generated code: D:\Ron\tools\STM32 workspace\ex1\MXTmpFiles\gpio.tmp
2023-09-21 23:36:55,533 [INFO] CodeEngine:239 - oldGeneratedFile, D:\Ron\tools\STM32 workspace\ex1\Core\Src\stm32f1xx_it.c_save
2023-09-21 23:36:55,602 [INFO] CodeEngine:257 - Generated code: D:\Ron\tools\STM32 workspace\ex1\Core\Src\stm32f1xx_it.c
2023-09-21 23:36:55,604 [INFO] CodeEngine:239 - oldGeneratedFile, D:\Ron\tools\STM32 workspace\ex1\Core\Inc\stm32f1xx_it.h_save
2023-09-21 23:36:55,656 [INFO] CodeEngine:257 - Generated code: D:\Ron\tools\STM32 workspace\ex1\Core\Inc\stm32f1xx_it.h
2023-09-21 23:36:55,661 [INFO] CodeEngine:239 - oldGeneratedFile, D:\Ron\tools\STM32 workspace\ex1\Core\Src\stm32f1xx_hal_msp.c_save
2023-09-21 23:36:55,733 [INFO] CodeEngine:257 - Generated code: D:\Ron\tools\STM32 workspace\ex1\Core\Src\stm32f1xx_hal_msp.c
2023-09-21 23:36:55,735 [INFO] CodeEngine:239 - oldGeneratedFile, D:\Ron\tools\STM32 workspace\ex1\MXTmpFiles\system.tmp_save
2023-09-21 23:36:55,782 [INFO] CodeEngine:257 - Generated code: D:\Ron\tools\STM32 workspace\ex1\MXTmpFiles\system.tmp
2023-09-21 23:36:55,786 [INFO] CodeEngine:239 - oldGeneratedFile, D:\Ron\tools\STM32 workspace\ex1\Core\Inc\stm32f1xx_hal_conf.h_save
2023-09-21 23:36:55,874 [INFO] CodeEngine:257 - Generated code: D:\Ron\tools\STM32 workspace\ex1\Core\Inc\stm32f1xx_hal_conf.h
2023-09-21 23:36:55,886 [INFO] CodeEngine:239 - oldGeneratedFile, D:\Ron\tools\STM32 workspace\ex1\Core\Inc\main.h_save
2023-09-21 23:36:55,940 [INFO] CodeEngine:257 - Generated code: D:\Ron\tools\STM32 workspace\ex1\Core\Inc\main.h
2023-09-21 23:36:55,942 [INFO] CodeEngine:239 - oldGeneratedFile, D:\Ron\tools\STM32 workspace\ex1\Core\Src\main.c_save
2023-09-21 23:36:56,024 [INFO] CodeEngine:257 - Generated code: D:\Ron\tools\STM32 workspace\ex1\Core\Src\main.c
2023-09-21 23:36:56,773 [INFO] ProjectBuilder:2578 - Time for Copy HAL[1] : 39mS.
2023-09-21 23:36:56,774 [INFO] ProjectBuilder:3622 - Project Generator version: 3.14.1
2023-09-21 23:36:57,241 [INFO] ConfigFileManager:1271 - The Die is : DIE412
2023-09-21 23:36:58,962 [INFO] ProjectBuilder:3789 - Time for Generating toolchain IDE Files: 2188mS.
2023-09-21 23:36:58,963 [INFO] ProjectBuilder:2457 - Time for Copy CMSIS : 1mS.
2023-09-21 23:36:58,963 [INFO] ProjectBuilder:2457 - Time for Copy CMSIS : 0mS.
